[2026-02-08T09:38:37.523Z] [Iot Station Server] GET /api/weather/latest?count=50 - 304 - 4ms 
[2026-02-08T09:38:37.524Z] [Iot Station Server] GET /api/weather/latest?count=50 - 304 - 0ms 
[2026-02-08T09:38:37.525Z] [Iot Station Server] GET /api/weather/stats - 304 - 0ms 
[2026-02-08T09:38:37.527Z] [Iot Station Server] GET /api/weather/stats - 304 - 1ms 
[2026-02-08T09:38:42.704Z] [Iot Station Server] GET /api/weather/latest?count=50 - 304 - 1ms 
[2026-02-08T09:38:42.705Z] [Iot Station Server] GET /api/weather/stats - 304 - 1ms 
[2026-02-08T09:38:43.657Z] [Iot Station Server] GET /api/_debug/create-weather-records - 200 - 2ms 
[2026-02-08T09:38:44.611Z] [Iot Station Server] GET /api/weather/latest?count=50 - 200 - 1ms 
[2026-02-08T09:38:44.613Z] [Iot Station Server] GET /api/weather/stats - 200 - 2ms 
[2026-02-08T09:38:44.614Z] [Iot Station Server] GET /api/weather/latest?count=50 - 304 - 0ms 
[2026-02-08T09:38:44.616Z] [Iot Station Server] GET /api/weather/stats - 304 - 1ms 
[2026-02-08T09:38:49.700Z] [Iot Station Server] GET /api/weather/latest?count=50 - 304 - 0ms 
[2026-02-08T09:38:49.702Z] [Iot Station Server] GET /api/weather/stats - 304 - 1ms 
[2026-02-08T09:38:54.711Z] [Iot Station Server] GET /api/weather/latest?count=50 - 304 - 0ms 
[2026-02-08T09:38:54.713Z] [Iot Station Server] GET /api/weather/stats - 304 - 2ms 
[2026-02-08T09:38:59.701Z] [Iot Station Server] GET /api/weather/latest?count=50 - 304 - 1ms 
[2026-02-08T09:38:59.702Z] [Iot Station Server] GET /api/weather/stats - 304 - 1ms 
[2026-02-08T09:39:04.710Z] [Iot Station Server] GET /api/weather/latest?count=50 - 304 - 1ms 
[2026-02-08T09:39:04.712Z] [Iot Station Server] GET /api/weather/stats - 304 - 2ms 
[2026-02-08T09:39:09.700Z] [Iot Station Server] GET /api/weather/latest?count=50 - 304 - 1ms 
[2026-02-08T09:39:09.701Z] [Iot Station Server] GET /api/weather/stats - 304 - 1ms 
[2026-02-08T09:39:14.709Z] [Iot Station Server] GET /api/weather/latest?count=50 - 304 - 0ms 
[2026-02-08T09:39:14.711Z] [Iot Station Server] GET /api/weather/stats - 304 - 2ms 
[2026-02-08T09:39:19.709Z] [Iot Station Server] GET /api/weather/latest?count=50 - 304 - 0ms 
[2026-02-08T09:39:19.711Z] [Iot Station Server] GET /api/weather/stats - 304 - 1ms 
[2026-02-08T09:39:24.701Z] [Iot Station Server] GET /api/weather/latest?count=50 - 304 - 1ms 
[2026-02-08T09:39:24.702Z] [Iot Station Server] GET /api/weather/stats - 304 - 1ms 
[2026-02-08T09:39:29.704Z] [Iot Station Server] GET /api/weather/latest?count=50 - 304 - 1ms 
[2026-02-08T09:39:29.705Z] [Iot Station Server] GET /api/weather/stats - 304 - 1ms 
[2026-02-08T09:39:34.710Z] [Iot Station Server] GET /api/weather/latest?count=50 - 304 - 1ms 
[2026-02-08T09:39:34.711Z] [Iot Station Server] GET /api/weather/stats - 304 - 1ms 
[2026-02-08T09:39:39.698Z] [Iot Station Server] GET /api/weather/latest?count=50 - 304 - 1ms 
[2026-02-08T09:39:39.699Z] [Iot Station Server] GET /api/weather/stats - 304 - 1ms 
[2026-02-08T09:39:44.614Z] [Iot Station Server] GET /api/weather/latest?count=50 - 304 - 1ms 
[2026-02-08T09:39:44.615Z] [Iot Station Server] GET /api/weather/stats - 304 - 1ms 
[2026-02-08T09:39:49.625Z] [Iot Station Server] GET /api/weather/latest?count=50 - 304 - 1ms 
[2026-02-08T09:39:49.626Z] [Iot Station Server] GET /api/weather/stats - 304 - 1ms 
[2026-02-08T09:39:54.614Z] [Iot Station Server] GET /api/weather/latest?count=50 - 304 - 1ms 
[2026-02-08T09:39:54.616Z] [Iot Station Server] GET /api/weather/stats - 304 - 2ms 
[2026-02-08T09:39:59.625Z] [Iot Station Server] GET /api/weather/latest?count=50 - 304 - 1ms 
[2026-02-08T09:39:59.626Z] [Iot Station Server] GET /api/weather/stats - 304 - 1ms 
[2026-02-08T09:40:04.624Z] [Iot Station Server] GET /api/weather/latest?count=50 - 304 - 0ms 
[2026-02-08T09:40:04.626Z] [Iot Station Server] GET /api/weather/stats - 304 - 1ms 
[2026-02-08T09:40:09.616Z] [Iot Station Server] GET /api/weather/latest?count=50 - 304 - 0ms 
[2026-02-08T09:40:09.618Z] [Iot Station Server] GET /api/weather/stats - 304 - 2ms 
[2026-02-08T09:40:14.707Z] [Iot Station Server] GET /api/weather/latest?count=50 - 304 - 1ms 
[2026-02-08T09:40:14.709Z] [Iot Station Server] GET /api/weather/stats - 304 - 2ms 
[2026-02-08T09:40:19.708Z] [Iot Station Server] GET /api/weather/latest?count=50 - 304 - 1ms 
[2026-02-08T09:40:19.709Z] [Iot Station Server] GET /api/weather/stats - 304 - 1ms 
[2026-02-08T09:40:24.703Z] [Iot Station Server] GET /api/weather/latest?count=50 - 304 - 1ms 
[2026-02-08T09:40:24.705Z] [Iot Station Server] GET /api/weather/stats - 304 - 2ms 
[2026-02-08T09:40:29.704Z] [Iot Station Server] GET /api/weather/latest?count=50 - 304 - 1ms 
[2026-02-08T09:40:29.706Z] [Iot Station Server] GET /api/weather/stats - 304 - 2ms 
[2026-02-08T09:40:34.697Z] [Iot Station Server] GET /api/weather/latest?count=50 - 304 - 1ms 
[2026-02-08T09:40:34.699Z] [Iot Station Server] GET /api/weather/stats - 304 - 2ms 
[2026-02-08T09:40:39.710Z] [Iot Station Server] GET /api/weather/latest?count=50 - 304 - 0ms 
[2026-02-08T09:40:39.712Z] [Iot Station Server] GET /api/weather/stats - 304 - 2ms 
[2026-02-08T09:40:44.709Z] [Iot Station Server] GET /api/weather/latest?count=50 - 304 - 1ms 
[2026-02-08T09:40:44.710Z] [Iot Station Server] GET /api/weather/stats - 304 - 1ms 
[2026-02-08T09:40:49.700Z] [Iot Station Server] GET /api/weather/latest?count=50 - 304 - 1ms 
[2026-02-08T09:40:49.702Z] [Iot Station Server] GET /api/weather/stats - 304 - 2ms 
[2026-02-08T09:40:54.708Z] [Iot Station Server] GET /api/weather/latest?count=50 - 304 - 0ms 
[2026-02-08T09:40:54.710Z] [Iot Station Server] GET /api/weather/stats - 304 - 1ms 
[2026-02-08T09:40:59.708Z] [Iot Station Server] GET /api/weather/latest?count=50 - 304 - 0ms 
[2026-02-08T09:40:59.710Z] [Iot Station Server] GET /api/weather/stats - 304 - 1ms 
[2026-02-08T09:41:04.710Z] [Iot Station Server] GET /api/weather/latest?count=50 - 304 - 1ms 
[2026-02-08T09:41:04.711Z] [Iot Station Server] GET /api/weather/stats - 304 - 1ms 
[2026-02-08T09:41:09.702Z] [Iot Station Server] GET /api/weather/latest?count=50 - 304 - 1ms 
[2026-02-08T09:41:09.704Z] [Iot Station Server] GET /api/weather/stats - 304 - 2ms 
[2026-02-08T09:41:14.714Z] [Iot Station Server] GET /api/weather/latest?count=50 - 304 - 1ms 
[2026-02-08T09:41:14.716Z] [Iot Station Server] GET /api/weather/stats - 304 - 2ms 
[2026-02-08T09:41:16.760Z] [Iot Station Server] GET /api/devices/get - 200 - 1ms 
[2026-02-08T09:41:16.761Z] [Iot Station Server] GET /api/weather/latest?count=50 - 304 - 0ms 
[2026-02-08T09:41:16.763Z] [Iot Station Server] GET /api/weather/stats - 304 - 1ms 
[2026-02-08T09:41:16.764Z] [Iot Station Server] GET /api/devices/get - 304 - 0ms 
[2026-02-08T09:41:16.765Z] [Iot Station Server] GET /api/weather/latest?count=50 - 304 - 0ms 
[2026-02-08T09:41:16.767Z] [Iot Station Server] GET /api/weather/stats - 304 - 2ms 
[2026-02-08T09:41:21.772Z] [Iot Station Server] GET /api/weather/latest?count=50 - 304 - 1ms 
[2026-02-08T09:41:21.773Z] [Iot Station Server] GET /api/weather/stats - 304 - 1ms 
[2026-02-08T09:41:21.774Z] [Iot Station Server] GET /api/devices/get - 304 - 0ms 
[2026-02-08T09:41:26.769Z] [Iot Station Server] GET /api/weather/latest?count=50 - 304 - 1ms 
[2026-02-08T09:41:26.770Z] [Iot Station Server] GET /api/weather/stats - 304 - 1ms 
[2026-02-08T09:41:26.771Z] [Iot Station Server] GET /api/devices/get - 304 - 1ms 
[2026-02-08T09:41:31.767Z] [Iot Station Server] GET /api/weather/latest?count=50 - 304 - 1ms 
[2026-02-08T09:41:31.768Z] [Iot Station Server] GET /api/weather/stats - 304 - 1ms 
[2026-02-08T09:41:31.769Z] [Iot Station Server] GET /api/devices/get - 304 - 0ms 
[2026-02-08T09:41:37.709Z] [Iot Station Server] GET /api/weather/latest?count=50 - 304 - 1ms 
[2026-02-08T09:41:37.711Z] [Iot Station Server] GET /api/weather/stats - 304 - 2ms 
[2026-02-08T09:41:37.711Z] [Iot Station Server] GET /api/devices/get - 304 - 0ms 
[2026-02-08T09:41:42.700Z] [Iot Station Server] GET /api/weather/latest?count=50 - 304 - 1ms 
[2026-02-08T09:41:42.701Z] [Iot Station Server] GET /api/weather/stats - 304 - 1ms 
[2026-02-08T09:41:42.702Z] [Iot Station Server] GET /api/devices/get - 304 - 1ms 
[2026-02-08T09:41:47.698Z] [Iot Station Server] GET /api/weather/latest?count=50 - 304 - 0ms 
[2026-02-08T09:41:47.700Z] [Iot Station Server] GET /api/weather/stats - 304 - 1ms 
[2026-02-08T09:41:47.700Z] [Iot Station Server] GET /api/devices/get - 304 - 0ms 
[2026-02-08T09:41:52.697Z] [Iot Station Server] GET /api/weather/latest?count=50 - 304 - 1ms 
[2026-02-08T09:41:52.698Z] [Iot Station Server] GET /api/weather/stats - 304 - 1ms 
[2026-02-08T09:41:52.699Z] [Iot Station Server] GET /api/devices/get - 304 - 1ms 
[2026-02-08T09:41:57.709Z] [Iot Station Server] GET /api/weather/latest?count=50 - 304 - 0ms 
[2026-02-08T09:41:57.711Z] [Iot Station Server] GET /api/weather/stats - 304 - 1ms 
[2026-02-08T09:41:57.711Z] [Iot Station Server] GET /api/devices/get - 304 - 0ms 
[2026-02-08T09:42:02.709Z] [Iot Station Server] GET /api/weather/latest?count=50 - 304 - 0ms 
[2026-02-08T09:42:02.710Z] [Iot Station Server] GET /api/weather/stats - 304 - 1ms 
[2026-02-08T09:42:02.711Z] [Iot Station Server] GET /api/devices/get - 304 - 0ms 
[2026-02-08T09:42:07.711Z] [Iot Station Server] GET /api/weather/latest?count=50 - 304 - 0ms 
[2026-02-08T09:42:07.712Z] [Iot Station Server] GET /api/weather/stats - 304 - 1ms 
[2026-02-08T09:42:07.713Z] [Iot Station Server] GET /api/devices/get - 304 - 0ms 
[2026-02-08T09:42:12.699Z] [Iot Station Server] GET /api/weather/latest?count=50 - 304 - 1ms 
[2026-02-08T09:42:12.700Z] [Iot Station Server] GET /api/weather/stats - 304 - 1ms 
[2026-02-08T09:42:12.701Z] [Iot Station Server] GET /api/devices/get - 304 - 0ms 
[2026-02-08T09:42:17.710Z] [Iot Station Server] GET /api/weather/latest?count=50 - 304 - 1ms 
[2026-02-08T09:42:17.711Z] [Iot Station Server] GET /api/weather/stats - 304 - 1ms 
[2026-02-08T09:42:17.712Z] [Iot Station Server] GET /api/devices/get - 304 - 0ms 
[2026-02-08T09:42:22.712Z] [Iot Station Server] GET /api/weather/latest?count=50 - 304 - 1ms 
[2026-02-08T09:42:22.713Z] [Iot Station Server] GET /api/weather/stats - 304 - 1ms 
[2026-02-08T09:42:22.714Z] [Iot Station Server] GET /api/devices/get - 304 - 1ms 
[2026-02-08T09:42:27.701Z] [Iot Station Server] GET /api/weather/latest?count=50 - 304 - 1ms 
[2026-02-08T09:42:27.702Z] [Iot Station Server] GET /api/weather/stats - 304 - 1ms 
[2026-02-08T09:42:27.703Z] [Iot Station Server] GET /api/devices/get - 304 - 1ms 
[2026-02-08T09:42:32.293Z] [Iot Station Server] GET /api/weather/latest?count=50 - 304 - 1ms 
[2026-02-08T09:42:32.294Z] [Iot Station Server] GET /api/weather/stats - 304 - 1ms 
[2026-02-08T09:42:32.295Z] [Iot Station Server] GET /api/devices/get - 304 - 0ms 
[2026-02-08T09:42:32.864Z] [Iot Station Server] GET /api/weather/latest?count=50 - 304 - 1ms 
[2026-02-08T09:42:32.866Z] [Iot Station Server] GET /api/weather/stats - 304 - 2ms 
[2026-02-08T09:42:32.866Z] [Iot Station Server] GET /api/devices/get - 304 - 0ms 
[2026-02-08T09:42:32.867Z] [Iot Station Server] GET /api/weather/latest?count=50 - 304 - 1ms 
[2026-02-08T09:42:32.868Z] [Iot Station Server] GET /api/weather/stats - 304 - 1ms 
[2026-02-08T09:42:32.869Z] [Iot Station Server] GET /api/devices/get - 304 - 1ms 
[2026-02-08T09:42:38.707Z] [Iot Station Server] GET /api/weather/latest?count=50 - 304 - 0ms 
[2026-02-08T09:42:38.709Z] [Iot Station Server] GET /api/weather/stats - 304 - 2ms 
[2026-02-08T09:42:38.709Z] [Iot Station Server] GET /api/devices/get - 304 - 0ms 
[2026-02-08T09:42:43.711Z] [Iot Station Server] GET /api/weather/latest?count=50 - 304 - 1ms 
[2026-02-08T09:42:43.712Z] [Iot Station Server] GET /api/weather/stats - 304 - 1ms 
[2026-02-08T09:42:43.713Z] [Iot Station Server] GET /api/devices/get - 304 - 1ms 
[2026-02-08T09:42:48.702Z] [Iot Station Server] GET /api/weather/latest?count=50 - 304 - 0ms 
[2026-02-08T09:42:48.704Z] [Iot Station Server] GET /api/weather/stats - 304 - 1ms 
[2026-02-08T09:42:48.704Z] [Iot Station Server] GET /api/devices/get - 304 - 0ms 
[2026-02-08T09:42:53.697Z] [Iot Station Server] GET /api/weather/latest?count=50 - 304 - 1ms 
[2026-02-08T09:42:53.698Z] [Iot Station Server] GET /api/weather/stats - 304 - 1ms 
[2026-02-08T09:42:53.698Z] [Iot Station Server] GET /api/devices/get - 304 - 0ms 
[2026-02-08T09:42:58.702Z] [Iot Station Server] GET /api/weather/latest?count=50 - 304 - 0ms 
[2026-02-08T09:42:58.704Z] [Iot Station Server] GET /api/weather/stats - 304 - 1ms 
[2026-02-08T09:42:58.705Z] [Iot Station Server] GET /api/devices/get - 304 - 1ms 
[2026-02-08T09:43:03.696Z] [Iot Station Server] GET /api/weather/latest?count=50 - 304 - 0ms 
[2026-02-08T09:43:03.698Z] [Iot Station Server] GET /api/weather/stats - 304 - 1ms 
[2026-02-08T09:43:03.698Z] [Iot Station Server] GET /api/devices/get - 304 - 0ms 
[2026-02-08T09:43:08.699Z] [Iot Station Server] GET /api/weather/latest?count=50 - 304 - 1ms 
[2026-02-08T09:43:08.700Z] [Iot Station Server] GET /api/weather/stats - 304 - 1ms 
[2026-02-08T09:43:08.701Z] [Iot Station Server] GET /api/devices/get - 304 - 1ms 
[2026-02-08T09:43:13.708Z] [Iot Station Server] GET /api/weather/latest?count=50 - 304 - 1ms 
[2026-02-08T09:43:13.709Z] [Iot Station Server] GET /api/weather/stats - 304 - 1ms 
[2026-02-08T09:43:13.710Z] [Iot Station Server] GET /api/devices/get - 304 - 1ms 
[2026-02-08T09:43:18.706Z] [Iot Station Server] GET /api/weather/latest?count=50 - 304 - 1ms 
[2026-02-08T09:43:18.708Z] [Iot Station Server] GET /api/weather/stats - 304 - 2ms 
[2026-02-08T09:43:18.708Z] [Iot Station Server] GET /api/devices/get - 304 - 0ms 
[2026-02-08T09:43:23.701Z] [Iot Station Server] GET /api/weather/latest?count=50 - 304 - 1ms 
[2026-02-08T09:43:23.702Z] [Iot Station Server] GET /api/weather/stats - 304 - 1ms 
[2026-02-08T09:43:23.703Z] [Iot Station Server] GET /api/devices/get - 304 - 1ms 
[2026-02-08T09:43:28.700Z] [Iot Station Server] GET /api/weather/latest?count=50 - 304 - 1ms 
[2026-02-08T09:43:28.701Z] [Iot Station Server] GET /api/weather/stats - 304 - 1ms 
[2026-02-08T09:43:28.701Z] [Iot Station Server] GET /api/devices/get - 304 - 0ms 
[2026-02-08T09:43:33.706Z] [Iot Station Server] GET /api/weather/latest?count=50 - 304 - 1ms 
[2026-02-08T09:43:33.707Z] [Iot Station Server] GET /api/weather/stats - 304 - 1ms 
[2026-02-08T09:43:33.707Z] [Iot Station Server] GET /api/devices/get - 304 - 0ms 
[2026-02-08T09:44:13.706Z] [Iot Station Server] GET /api/weather/latest?count=50 - 304 - 1ms 
[2026-02-08T09:44:13.707Z] [Iot Station Server] GET /api/weather/stats - 304 - 1ms 
[2026-02-08T09:44:13.708Z] [Iot Station Server] GET /api/devices/get - 304 - 0ms 
[2026-02-08T09:44:57.703Z] [Iot Station Server] GET /api/devices/get - 304 - 0ms 
[2026-02-08T09:44:57.707Z] [Iot Station Server] GET /api/weather/latest?count=50 - 304 - 0ms 
[2026-02-08T09:44:57.709Z] [Iot Station Server] GET /api/weather/stats - 304 - 2ms 
[2026-02-08T09:45:00.700Z] [Iot Station Server] GET /api/devices/get - 304 - 1ms 
[2026-02-08T09:45:00.701Z] [Iot Station Server] GET /api/devices/get - 304 - 1ms 
[2026-02-08T09:45:00.702Z] [Iot Station Server] GET /api/weather/latest?count=50 - 304 - 0ms 
[2026-02-08T09:45:00.704Z] [Iot Station Server] GET /api/weather/stats - 304 - 2ms 
[2026-02-08T09:45:00.704Z] [Iot Station Server] GET /api/weather/latest?count=50 - 304 - 0ms 
[2026-02-08T09:45:00.706Z] [Iot Station Server] GET /api/weather/stats - 304 - 2ms 
[2026-02-08T09:45:06.701Z] [Iot Station Server] GET /api/devices/get - 304 - 1ms 
[2026-02-08T09:45:06.704Z] [Iot Station Server] GET /api/weather/latest?count=50 - 304 - 1ms 
[2026-02-08T09:45:06.706Z] [Iot Station Server] GET /api/weather/stats - 304 - 1ms 
[2026-02-08T09:45:11.706Z] [Iot Station Server] GET /api/devices/get - 304 - 1ms 
[2026-02-08T09:45:11.709Z] [Iot Station Server] GET /api/weather/latest?count=50 - 304 - 1ms 
[2026-02-08T09:45:11.710Z] [Iot Station Server] GET /api/weather/stats - 304 - 1ms 
[2026-02-08T09:45:16.698Z] [Iot Station Server] GET /api/devices/get - 304 - 1ms 
[2026-02-08T09:45:16.700Z] [Iot Station Server] GET /api/weather/latest?count=50 - 304 - 0ms 
[2026-02-08T09:45:16.702Z] [Iot Station Server] GET /api/weather/stats - 304 - 2ms 
[2026-02-08T09:45:21.698Z] [Iot Station Server] GET /api/devices/get - 304 - 1ms 
[2026-02-08T09:45:21.700Z] [Iot Station Server] GET /api/weather/latest?count=50 - 304 - 0ms 
[2026-02-08T09:45:21.702Z] [Iot Station Server] GET /api/weather/stats - 304 - 2ms 
[2026-02-08T09:45:25.700Z] [Iot Station Server] GET /api/devices/get - 304 - 0ms 
[2026-02-08T09:45:25.703Z] [Iot Station Server] GET /api/weather/latest?count=50 - 304 - 1ms 
[2026-02-08T09:45:25.704Z] [Iot Station Server] GET /api/weather/stats - 304 - 1ms 
[2026-02-08T09:45:25.936Z] [Iot Station Server] GET /api/devices/get - 304 - 1ms 
[2026-02-08T09:45:25.948Z] [Iot Station Server] GET /api/devices/device_0/weather/latest?count=50 - 404 - 2ms 
[2026-02-08T09:45:28.202Z] [Iot Station Server] GET /api/devices/get - 304 - 1ms 
[2026-02-08T09:45:28.219Z] [Iot Station Server] GET /api/devices/device_2/weather/latest?count=50 - 404 - 1ms 
[2026-02-08T09:45:33.711Z] [Iot Station Server] GET /api/devices/get - 304 - 0ms 
[2026-02-08T09:45:33.714Z] [Iot Station Server] GET /api/devices/device_2/weather/latest?count=50 - 404 - 1ms 
[2026-02-08T09:45:38.713Z] [Iot Station Server] GET /api/devices/get - 200 - 3ms 
[2026-02-08T09:45:38.758Z] [Iot Station Server] GET /api/devices/get - 304 - 1ms 
[2026-02-08T09:45:38.764Z] [Iot Station Server] GET /api/weather/latest?count=50 - 200 - 0ms 
[2026-02-08T09:45:38.765Z] [Iot Station Server] GET /api/weather/stats - 200 - 0ms 
[2026-02-08T09:45:41.585Z] [Iot Station Server] GET /api/_debug/create-weather-records - 200 - 2ms 
[2026-02-08T09:45:42.414Z] [Iot Station Server] GET /api/_debug/create-weather-records - 200 - 2ms 
[2026-02-08T09:45:43.533Z] [Iot Station Server] GET /api/devices/get - 200 - 1ms 
[2026-02-08T09:45:43.534Z] [Iot Station Server] GET /api/devices/get - 304 - 0ms 
[2026-02-08T09:45:43.536Z] [Iot Station Server] GET /api/weather/latest?count=50 - 200 - 0ms 
[2026-02-08T09:45:43.538Z] [Iot Station Server] GET /api/weather/stats - 200 - 1ms 
[2026-02-08T09:45:43.552Z] [Iot Station Server] GET /api/weather/latest?count=50 - 304 - 0ms 
[2026-02-08T09:45:43.555Z] [Iot Station Server] GET /api/weather/stats - 304 - 2ms 
[2026-02-08T09:45:45.200Z] [Iot Station Server] GET /api/devices/get - 304 - 1ms 
[2026-02-08T09:45:45.216Z] [Iot Station Server] GET /api/devices/device_0/weather/latest?count=50 - 200 - 1ms 
[2026-02-08T09:45:47.268Z] [Iot Station Server] GET /api/devices/get - 304 - 1ms 
[2026-02-08T09:45:47.278Z] [Iot Station Server] GET /api/devices/device_1/weather/latest?count=50 - 200 - 1ms 
[2026-02-08T09:45:49.365Z] [Iot Station Server] GET /api/devices/get - 304 - 1ms 
[2026-02-08T09:45:49.376Z] [Iot Station Server] GET /api/devices/device_2/weather/latest?count=50 - 200 - 1ms 
[2026-02-08T09:45:51.345Z] [Iot Station Server] GET /api/devices/get - 304 - 1ms 
[2026-02-08T09:45:51.358Z] [Iot Station Server] GET /api/devices/device_5/weather/latest?count=50 - 200 - 1ms 
[2026-02-08T09:45:53.326Z] [Iot Station Server] GET /api/devices/get - 304 - 0ms 
[2026-02-08T09:45:53.341Z] [Iot Station Server] GET /api/devices/device_9/weather/latest?count=50 - 200 - 1ms 
[2026-02-08T09:45:54.669Z] [Iot Station Server] GET /api/devices/get - 304 - 1ms 
[2026-02-08T09:45:54.681Z] [Iot Station Server] GET /api/devices/device_2/weather/latest?count=50 - 304 - 1ms 
[2026-02-08T09:45:56.939Z] [Iot Station Server] GET /api/devices/get - 304 - 0ms 
[2026-02-08T09:45:56.950Z] [Iot Station Server] GET /api/devices/device_3/weather/latest?count=50 - 200 - 1ms 
[2026-02-08T09:45:58.254Z] [Iot Station Server] GET /api/devices/get - 304 - 1ms 
[2026-02-08T09:45:58.268Z] [Iot Station Server] GET /api/devices/device_5/weather/latest?count=50 - 304 - 1ms 
[2026-02-08T09:45:59.478Z] [Iot Station Server] GET /api/devices/get - 304 - 1ms 
[2026-02-08T09:45:59.493Z] [Iot Station Server] GET /api/devices/device_7/weather/latest?count=50 - 200 - 0ms 
[2026-02-08T09:46:01.730Z] [Iot Station Server] GET /api/devices/get - 304 - 1ms 
[2026-02-08T09:46:01.744Z] [Iot Station Server] GET /api/devices/device_9/weather/latest?count=50 - 304 - 1ms 
[2026-02-08T09:46:03.428Z] [Iot Station Server] GET /api/devices/get - 304 - 1ms 
[2026-02-08T09:46:03.439Z] [Iot Station Server] GET /api/devices/device_1/weather/latest?count=50 - 304 - 1ms 
[2026-02-08T09:46:04.472Z] [Iot Station Server] GET /api/devices/get - 304 - 1ms 
[2026-02-08T09:46:04.484Z] [Iot Station Server] GET /api/devices/device_3/weather/latest?count=50 - 304 - 0ms 
[2026-02-08T09:46:05.688Z] [Iot Station Server] GET /api/devices/get - 304 - 1ms 
[2026-02-08T09:46:05.704Z] [Iot Station Server] GET /api/devices/device_7/weather/latest?count=50 - 304 - 1ms 
[2026-02-08T09:46:10.696Z] [Iot Station Server] GET /api/devices/get - 304 - 1ms 
[2026-02-08T09:46:10.699Z] [Iot Station Server] GET /api/devices/device_7/weather/latest?count=50 - 304 - 1ms 
[2026-02-08T09:46:15.694Z] [Iot Station Server] GET /api/devices/get - 304 - 1ms 
[2026-02-08T09:46:15.697Z] [Iot Station Server] GET /api/devices/device_7/weather/latest?count=50 - 304 - 1ms 
[2026-02-08T09:46:20.694Z] [Iot Station Server] GET /api/devices/get - 304 - 0ms 
[2026-02-08T09:46:20.697Z] [Iot Station Server] GET /api/devices/device_7/weather/latest?count=50 - 304 - 0ms 
